[debug] [2020-09-19T04:27:57.631Z] ----------------------------------------------------------------------
[debug] [2020-09-19T04:27:57.635Z] Command:       /home/ronald/.nvm/versions/node/v12.18.2/bin/node /home/ronald/.nvm/versions/node/v12.18.2/bin/firebase emulators:start
[debug] [2020-09-19T04:27:57.636Z] CLI Version:   8.10.0
[debug] [2020-09-19T04:27:57.636Z] Platform:      linux
[debug] [2020-09-19T04:27:57.636Z] Node Version:  v12.18.2
[debug] [2020-09-19T04:27:57.636Z] Time:          Fri Sep 18 2020 23:27:57 GMT-0500 (Central Daylight Time)
[debug] [2020-09-19T04:27:57.636Z] ----------------------------------------------------------------------
[debug] [2020-09-19T04:27:57.636Z] 
[debug] [2020-09-19T04:27:57.641Z] > command requires scopes: ["email","openid","https://www.googleapis.com/auth/cloudplatformprojects.readonly","https://www.googleapis.com/auth/firebase","https://www.googleapis.com/auth/cloud-platform"]
[debug] [2020-09-19T04:27:57.641Z] > authorizing via signed-in user
[info] i  emulators: Starting emulators: functions, hosting {"metadata":{"emulator":{"name":"hub"},"message":"Starting emulators: functions, hosting"}}
[debug] [2020-09-19T04:27:57.658Z] [hub] writing locator at /tmp/hub-clone-8aca9.json
[warn] ⚠  functions: The following emulators are not running, calls to these services from the Functions emulator will affect production: firestore, database, pubsub {"metadata":{"emulator":{"name":"functions"},"message":"The following emulators are not running, calls to these services from the Functions emulator will affect production: \u001b[1mfirestore, database, pubsub\u001b[22m"}}
[warn] ⚠  Your requested "node" version "10" doesn't match your global version "12" {"metadata":{"emulator":{"name":"functions"},"message":"Your requested \"node\" version \"10\" doesn't match your global version \"12\""}}
[debug] [2020-09-19T04:27:57.682Z] defaultcredentials: writing to file /home/ronald/.config/firebase/ronaldceballos15_gmail_com_application_default_credentials.json
[debug] [2020-09-19T04:27:57.684Z] Setting GAC to /home/ronald/.config/firebase/ronaldceballos15_gmail_com_application_default_credentials.json {"metadata":{"emulator":{"name":"functions"},"message":"Setting GAC to /home/ronald/.config/firebase/ronaldceballos15_gmail_com_application_default_credentials.json"}}
[debug] [2020-09-19T04:27:57.690Z] >>> HTTP REQUEST GET https://firebase.googleapis.com/v1beta1/projects/clone-8aca9/webApps/-/config  
 
[debug] [2020-09-19T04:27:58.079Z] <<< HTTP RESPONSE 200 {"content-type":"application/json; charset=UTF-8","vary":"X-Origin, Referer, Origin,Accept-Encoding","date":"Sat, 19 Sep 2020 04:27:58 GMT","server":"ESF","cache-control":"private","x-xss-protection":"0","x-frame-options":"SAMEORIGIN","x-content-type-options":"nosniff","alt-svc":"h3-Q050=\":443\"; ma=2592000,h3-29=\":443\"; ma=2592000,h3-27=\":443\"; ma=2592000,h3-T051=\":443\"; ma=2592000,h3-T050=\":443\"; ma=2592000,h3-Q046=\":443\"; ma=2592000,h3-Q043=\":443\"; ma=2592000,quic=\":443\"; ma=2592000; v=\"46,43\"","accept-ranges":"none","transfer-encoding":"chunked"}
[info] i  hosting: Serving hosting files from: build {"metadata":{"emulator":{"name":"hosting"},"message":"Serving hosting files from: \u001b[1mbuild\u001b[22m"}}
[info] ✔  hosting: Local server: http://localhost:5000 {"metadata":{"emulator":{"name":"hosting"},"message":"Local server: \u001b[4m\u001b[1mhttp://localhost:5000\u001b[22m\u001b[24m"}}
[debug] [2020-09-19T04:27:58.139Z] Ignoring unsupported arg: auto_download {"metadata":{"emulator":{"name":"ui"},"message":"Ignoring unsupported arg: auto_download"}}
[debug] [2020-09-19T04:27:58.139Z] Ignoring unsupported arg: port {"metadata":{"emulator":{"name":"ui"},"message":"Ignoring unsupported arg: port"}}
[debug] [2020-09-19T04:27:58.139Z] Starting Emulator UI with command {"binary":"node","args":["/home/ronald/.cache/firebase/emulators/ui-v1.1.1/server.bundle.js"],"optionalArgs":[],"joinArgs":false} {"metadata":{"emulator":{"name":"ui"},"message":"Starting Emulator UI with command {\"binary\":\"node\",\"args\":[\"/home/ronald/.cache/firebase/emulators/ui-v1.1.1/server.bundle.js\"],\"optionalArgs\":[],\"joinArgs\":false}"}}
[info] i  ui: Emulator UI logging to ui-debug.log {"metadata":{"emulator":{"name":"ui"},"message":"Emulator UI logging to \u001b[1mui-debug.log\u001b[22m"}}
[debug] [2020-09-19T04:27:58.211Z] Web / API server started at http://localhost:4000
 {"metadata":{"emulator":{"name":"ui"},"message":"Web / API server started at http://localhost:4000\n"}}
[info] i  functions: Watching "/home/ronald/Desktop/CodingProjects/amazon-clone/functions" for Cloud Functions... {"metadata":{"emulator":{"name":"functions"},"message":"Watching \"/home/ronald/Desktop/CodingProjects/amazon-clone/functions\" for Cloud Functions..."}}
[debug] [2020-09-19T04:27:58.416Z] [worker-pool] addWorker(~diagnostic~) {"metadata":{"emulator":{"name":"functions"},"message":"[worker-pool] addWorker(~diagnostic~)"}}
[debug] [2020-09-19T04:27:58.416Z] [worker-pool] Adding worker with key ~diagnostic~, total=1 {"metadata":{"emulator":{"name":"functions"},"message":"[worker-pool] Adding worker with key ~diagnostic~, total=1"}}
[debug] [2020-09-19T04:27:58.416Z] [worker-pool] submitWork(triggerId=) {"metadata":{"emulator":{"name":"functions"},"message":"[worker-pool] submitWork(triggerId=)"}}
[debug] [2020-09-19T04:27:58.417Z] [worker-~diagnostic~-1c3df2e4-61f6-47a8-8d26-1cc3b187ad0d]: Assigning socketPath: /tmp/fire_emu_392296.sock {"metadata":{"emulator":{"name":"functions"},"message":"[worker-~diagnostic~-1c3df2e4-61f6-47a8-8d26-1cc3b187ad0d]: Assigning socketPath: /tmp/fire_emu_392296.sock"}}
[debug] [2020-09-19T04:27:58.417Z] [worker-~diagnostic~-1c3df2e4-61f6-47a8-8d26-1cc3b187ad0d]: BUSY {"metadata":{"emulator":{"name":"functions"},"message":"[worker-~diagnostic~-1c3df2e4-61f6-47a8-8d26-1cc3b187ad0d]: BUSY"}}
[debug] [2020-09-19T04:27:58.618Z] [runtime-status] [392296] Functions runtime initialized. {"cwd":"/home/ronald/Desktop/CodingProjects/amazon-clone/functions","node_version":"12.18.2"} {"metadata":{"emulator":{"name":"functions"},"message":"[runtime-status] [392296] Functions runtime initialized. {\"cwd\":\"/home/ronald/Desktop/CodingProjects/amazon-clone/functions\",\"node_version\":\"12.18.2\"}"}}
[debug] [2020-09-19T04:27:58.620Z] [runtime-status] [392296] Disabled runtime features: undefined {"metadata":{"emulator":{"name":"functions"},"message":"[runtime-status] [392296] Disabled runtime features: undefined"}}
[debug] [2020-09-19T04:27:58.623Z] [runtime-status] [392296] Resolved module firebase-admin {"declared":true,"installed":true,"version":"8.13.0","resolution":"/home/ronald/Desktop/CodingProjects/amazon-clone/functions/node_modules/firebase-admin/lib/index.js"} {"metadata":{"emulator":{"name":"functions"},"message":"[runtime-status] [392296] Resolved module firebase-admin {\"declared\":true,\"installed\":true,\"version\":\"8.13.0\",\"resolution\":\"/home/ronald/Desktop/CodingProjects/amazon-clone/functions/node_modules/firebase-admin/lib/index.js\"}"}}
[debug] [2020-09-19T04:27:58.623Z] [runtime-status] [392296] Resolved module firebase-functions {"declared":true,"installed":true,"version":"3.11.0","resolution":"/home/ronald/Desktop/CodingProjects/amazon-clone/functions/node_modules/firebase-functions/lib/index.js"} {"metadata":{"emulator":{"name":"functions"},"message":"[runtime-status] [392296] Resolved module firebase-functions {\"declared\":true,\"installed\":true,\"version\":\"3.11.0\",\"resolution\":\"/home/ronald/Desktop/CodingProjects/amazon-clone/functions/node_modules/firebase-functions/lib/index.js\"}"}}
[debug] [2020-09-19T04:27:58.623Z] [runtime-status] [392296] Resolved module firebase-functions {"declared":true,"installed":true,"version":"3.11.0","resolution":"/home/ronald/Desktop/CodingProjects/amazon-clone/functions/node_modules/firebase-functions/lib/index.js"} {"metadata":{"emulator":{"name":"functions"},"message":"[runtime-status] [392296] Resolved module firebase-functions {\"declared\":true,\"installed\":true,\"version\":\"3.11.0\",\"resolution\":\"/home/ronald/Desktop/CodingProjects/amazon-clone/functions/node_modules/firebase-functions/lib/index.js\"}"}}
[debug] [2020-09-19T04:27:58.626Z] [runtime-status] [392296] Outgoing network have been stubbed. [{"name":"http","status":"mocked"},{"name":"http","status":"mocked"},{"name":"https","status":"mocked"},{"name":"https","status":"mocked"},{"name":"net","status":"mocked"}] {"metadata":{"emulator":{"name":"functions"},"message":"[runtime-status] [392296] Outgoing network have been stubbed. [{\"name\":\"http\",\"status\":\"mocked\"},{\"name\":\"http\",\"status\":\"mocked\"},{\"name\":\"https\",\"status\":\"mocked\"},{\"name\":\"https\",\"status\":\"mocked\"},{\"name\":\"net\",\"status\":\"mocked\"}]"}}
[debug] [2020-09-19T04:27:58.627Z] [runtime-status] [392296] Resolved module firebase-functions {"declared":true,"installed":true,"version":"3.11.0","resolution":"/home/ronald/Desktop/CodingProjects/amazon-clone/functions/node_modules/firebase-functions/lib/index.js"} {"metadata":{"emulator":{"name":"functions"},"message":"[runtime-status] [392296] Resolved module firebase-functions {\"declared\":true,\"installed\":true,\"version\":\"3.11.0\",\"resolution\":\"/home/ronald/Desktop/CodingProjects/amazon-clone/functions/node_modules/firebase-functions/lib/index.js\"}"}}
[debug] [2020-09-19T04:27:58.652Z] [runtime-status] [392296] Checked functions.config() {"config":{}} {"metadata":{"emulator":{"name":"functions"},"message":"[runtime-status] [392296] Checked functions.config() {\"config\":{}}"}}
[debug] [2020-09-19T04:27:58.652Z] [runtime-status] [392296] firebase-functions has been stubbed. {"functionsResolution":{"declared":true,"installed":true,"version":"3.11.0","resolution":"/home/ronald/Desktop/CodingProjects/amazon-clone/functions/node_modules/firebase-functions/lib/index.js"}} {"metadata":{"emulator":{"name":"functions"},"message":"[runtime-status] [392296] firebase-functions has been stubbed. {\"functionsResolution\":{\"declared\":true,\"installed\":true,\"version\":\"3.11.0\",\"resolution\":\"/home/ronald/Desktop/CodingProjects/amazon-clone/functions/node_modules/firebase-functions/lib/index.js\"}}"}}
[debug] [2020-09-19T04:27:58.653Z] [runtime-status] [392296] Resolved module firebase-functions {"declared":true,"installed":true,"version":"3.11.0","resolution":"/home/ronald/Desktop/CodingProjects/amazon-clone/functions/node_modules/firebase-functions/lib/index.js"} {"metadata":{"emulator":{"name":"functions"},"message":"[runtime-status] [392296] Resolved module firebase-functions {\"declared\":true,\"installed\":true,\"version\":\"3.11.0\",\"resolution\":\"/home/ronald/Desktop/CodingProjects/amazon-clone/functions/node_modules/firebase-functions/lib/index.js\"}"}}
[debug] [2020-09-19T04:27:58.653Z] [runtime-status] [392296] Resolved module firebase-admin {"declared":true,"installed":true,"version":"8.13.0","resolution":"/home/ronald/Desktop/CodingProjects/amazon-clone/functions/node_modules/firebase-admin/lib/index.js"} {"metadata":{"emulator":{"name":"functions"},"message":"[runtime-status] [392296] Resolved module firebase-admin {\"declared\":true,\"installed\":true,\"version\":\"8.13.0\",\"resolution\":\"/home/ronald/Desktop/CodingProjects/amazon-clone/functions/node_modules/firebase-admin/lib/index.js\"}"}}
[debug] [2020-09-19T04:27:58.654Z] [runtime-status] [392296] Resolved module firebase-functions {"declared":true,"installed":true,"version":"3.11.0","resolution":"/home/ronald/Desktop/CodingProjects/amazon-clone/functions/node_modules/firebase-functions/lib/index.js"} {"metadata":{"emulator":{"name":"functions"},"message":"[runtime-status] [392296] Resolved module firebase-functions {\"declared\":true,\"installed\":true,\"version\":\"3.11.0\",\"resolution\":\"/home/ronald/Desktop/CodingProjects/amazon-clone/functions/node_modules/firebase-functions/lib/index.js\"}"}}
[debug] [2020-09-19T04:27:58.654Z] [runtime-status] [392296] firebase-admin has been stubbed. {"adminResolution":{"declared":true,"installed":true,"version":"8.13.0","resolution":"/home/ronald/Desktop/CodingProjects/amazon-clone/functions/node_modules/firebase-admin/lib/index.js"}} {"metadata":{"emulator":{"name":"functions"},"message":"[runtime-status] [392296] firebase-admin has been stubbed. {\"adminResolution\":{\"declared\":true,\"installed\":true,\"version\":\"8.13.0\",\"resolution\":\"/home/ronald/Desktop/CodingProjects/amazon-clone/functions/node_modules/firebase-admin/lib/index.js\"}}"}}
[info] ✔  functions[api]: http function initialized (http://localhost:5001/clone-8aca9/us-central1/api). {"metadata":{"emulator":{"name":"functions"},"message":"\u001b[1mhttp\u001b[22m function initialized (http://localhost:5001/clone-8aca9/us-central1/api)."}}
[info] 
┌───────────────────────────────────────────────────────────────────────┐
│ ✔  All emulators ready! View status and logs at http://localhost:4000 │
└───────────────────────────────────────────────────────────────────────┘

┌───────────┬────────────────┬─────────────────────────────────┐
│ Emulator  │ Host:Port      │ View in Emulator UI             │
├───────────┼────────────────┼─────────────────────────────────┤
│ Functions │ localhost:5001 │ http://localhost:4000/functions │
├───────────┼────────────────┼─────────────────────────────────┤
│ Hosting   │ localhost:5000 │ n/a                             │
└───────────┴────────────────┴─────────────────────────────────┘
  Other reserved ports: 4400, 4500

Issues? Report them at https://github.com/firebase/firebase-tools/issues and attach the *-debug.log files.
 
[debug] [2020-09-19T04:27:58.727Z] [worker-~diagnostic~-1c3df2e4-61f6-47a8-8d26-1cc3b187ad0d]: IDLE {"metadata":{"emulator":{"name":"functions"},"message":"[worker-~diagnostic~-1c3df2e4-61f6-47a8-8d26-1cc3b187ad0d]: IDLE"}}
[debug] [2020-09-19T04:28:06.103Z] [work-queue] {"queueLength":1,"workRunningCount":0}
[debug] [2020-09-19T04:28:06.104Z] [work-queue] {"queueLength":0,"workRunningCount":1}
[debug] [2020-09-19T04:28:06.104Z] Accepted request GET /clone-8aca9/us-central1/api --> api
[debug] [2020-09-19T04:28:06.109Z] [worker-pool] addWorker(api) {"metadata":{"emulator":{"name":"functions"},"message":"[worker-pool] addWorker(api)"}}
[debug] [2020-09-19T04:28:06.110Z] [worker-pool] Adding worker with key api, total=1 {"metadata":{"emulator":{"name":"functions"},"message":"[worker-pool] Adding worker with key api, total=1"}}
[debug] [2020-09-19T04:28:06.110Z] [worker-pool] submitWork(triggerId=api) {"metadata":{"emulator":{"name":"functions"},"message":"[worker-pool] submitWork(triggerId=api)"}}
[debug] [2020-09-19T04:28:06.110Z] [worker-api-7b269e9b-aa05-4f9d-ba02-a27397bc4325]: Assigning socketPath: /tmp/fire_emu_392322.sock {"metadata":{"emulator":{"name":"functions"},"message":"[worker-api-7b269e9b-aa05-4f9d-ba02-a27397bc4325]: Assigning socketPath: /tmp/fire_emu_392322.sock"}}
[debug] [2020-09-19T04:28:06.111Z] [worker-api-7b269e9b-aa05-4f9d-ba02-a27397bc4325]: BUSY {"metadata":{"emulator":{"name":"functions"},"message":"[worker-api-7b269e9b-aa05-4f9d-ba02-a27397bc4325]: BUSY"}}
[debug] [2020-09-19T04:28:06.331Z] [runtime-status] [392322] Functions runtime initialized. {"cwd":"/home/ronald/Desktop/CodingProjects/amazon-clone/functions","node_version":"12.18.2"} {"metadata":{"emulator":{"name":"functions"},"function":{"name":"api"},"message":"[runtime-status] [392322] Functions runtime initialized. {\"cwd\":\"/home/ronald/Desktop/CodingProjects/amazon-clone/functions\",\"node_version\":\"12.18.2\"}"}}
[debug] [2020-09-19T04:28:06.333Z] [runtime-status] [392322] Disabled runtime features: undefined {"metadata":{"emulator":{"name":"functions"},"function":{"name":"api"},"message":"[runtime-status] [392322] Disabled runtime features: undefined"}}
[debug] [2020-09-19T04:28:06.335Z] [runtime-status] [392322] Resolved module firebase-admin {"declared":true,"installed":true,"version":"8.13.0","resolution":"/home/ronald/Desktop/CodingProjects/amazon-clone/functions/node_modules/firebase-admin/lib/index.js"} {"metadata":{"emulator":{"name":"functions"},"function":{"name":"api"},"message":"[runtime-status] [392322] Resolved module firebase-admin {\"declared\":true,\"installed\":true,\"version\":\"8.13.0\",\"resolution\":\"/home/ronald/Desktop/CodingProjects/amazon-clone/functions/node_modules/firebase-admin/lib/index.js\"}"}}
[debug] [2020-09-19T04:28:06.336Z] [runtime-status] [392322] Resolved module firebase-functions {"declared":true,"installed":true,"version":"3.11.0","resolution":"/home/ronald/Desktop/CodingProjects/amazon-clone/functions/node_modules/firebase-functions/lib/index.js"} {"metadata":{"emulator":{"name":"functions"},"function":{"name":"api"},"message":"[runtime-status] [392322] Resolved module firebase-functions {\"declared\":true,\"installed\":true,\"version\":\"3.11.0\",\"resolution\":\"/home/ronald/Desktop/CodingProjects/amazon-clone/functions/node_modules/firebase-functions/lib/index.js\"}"}}
[debug] [2020-09-19T04:28:06.338Z] [runtime-status] [392322] Resolved module firebase-functions {"declared":true,"installed":true,"version":"3.11.0","resolution":"/home/ronald/Desktop/CodingProjects/amazon-clone/functions/node_modules/firebase-functions/lib/index.js"} {"metadata":{"emulator":{"name":"functions"},"function":{"name":"api"},"message":"[runtime-status] [392322] Resolved module firebase-functions {\"declared\":true,\"installed\":true,\"version\":\"3.11.0\",\"resolution\":\"/home/ronald/Desktop/CodingProjects/amazon-clone/functions/node_modules/firebase-functions/lib/index.js\"}"}}
[debug] [2020-09-19T04:28:06.339Z] [runtime-status] [392322] Outgoing network have been stubbed. [{"name":"http","status":"mocked"},{"name":"http","status":"mocked"},{"name":"https","status":"mocked"},{"name":"https","status":"mocked"},{"name":"net","status":"mocked"}] {"metadata":{"emulator":{"name":"functions"},"function":{"name":"api"},"message":"[runtime-status] [392322] Outgoing network have been stubbed. [{\"name\":\"http\",\"status\":\"mocked\"},{\"name\":\"http\",\"status\":\"mocked\"},{\"name\":\"https\",\"status\":\"mocked\"},{\"name\":\"https\",\"status\":\"mocked\"},{\"name\":\"net\",\"status\":\"mocked\"}]"}}
[debug] [2020-09-19T04:28:06.340Z] [runtime-status] [392322] Resolved module firebase-functions {"declared":true,"installed":true,"version":"3.11.0","resolution":"/home/ronald/Desktop/CodingProjects/amazon-clone/functions/node_modules/firebase-functions/lib/index.js"} {"metadata":{"emulator":{"name":"functions"},"function":{"name":"api"},"message":"[runtime-status] [392322] Resolved module firebase-functions {\"declared\":true,\"installed\":true,\"version\":\"3.11.0\",\"resolution\":\"/home/ronald/Desktop/CodingProjects/amazon-clone/functions/node_modules/firebase-functions/lib/index.js\"}"}}
[debug] [2020-09-19T04:28:06.368Z] [runtime-status] [392322] Checked functions.config() {"config":{}} {"metadata":{"emulator":{"name":"functions"},"function":{"name":"api"},"message":"[runtime-status] [392322] Checked functions.config() {\"config\":{}}"}}
[debug] [2020-09-19T04:28:06.368Z] [runtime-status] [392322] firebase-functions has been stubbed. {"functionsResolution":{"declared":true,"installed":true,"version":"3.11.0","resolution":"/home/ronald/Desktop/CodingProjects/amazon-clone/functions/node_modules/firebase-functions/lib/index.js"}} {"metadata":{"emulator":{"name":"functions"},"function":{"name":"api"},"message":"[runtime-status] [392322] firebase-functions has been stubbed. {\"functionsResolution\":{\"declared\":true,\"installed\":true,\"version\":\"3.11.0\",\"resolution\":\"/home/ronald/Desktop/CodingProjects/amazon-clone/functions/node_modules/firebase-functions/lib/index.js\"}}"}}
[debug] [2020-09-19T04:28:06.369Z] [runtime-status] [392322] Resolved module firebase-functions {"declared":true,"installed":true,"version":"3.11.0","resolution":"/home/ronald/Desktop/CodingProjects/amazon-clone/functions/node_modules/firebase-functions/lib/index.js"} {"metadata":{"emulator":{"name":"functions"},"function":{"name":"api"},"message":"[runtime-status] [392322] Resolved module firebase-functions {\"declared\":true,\"installed\":true,\"version\":\"3.11.0\",\"resolution\":\"/home/ronald/Desktop/CodingProjects/amazon-clone/functions/node_modules/firebase-functions/lib/index.js\"}"}}
[debug] [2020-09-19T04:28:06.369Z] [runtime-status] [392322] Resolved module firebase-admin {"declared":true,"installed":true,"version":"8.13.0","resolution":"/home/ronald/Desktop/CodingProjects/amazon-clone/functions/node_modules/firebase-admin/lib/index.js"} {"metadata":{"emulator":{"name":"functions"},"function":{"name":"api"},"message":"[runtime-status] [392322] Resolved module firebase-admin {\"declared\":true,\"installed\":true,\"version\":\"8.13.0\",\"resolution\":\"/home/ronald/Desktop/CodingProjects/amazon-clone/functions/node_modules/firebase-admin/lib/index.js\"}"}}
[debug] [2020-09-19T04:28:06.370Z] [runtime-status] [392322] Resolved module firebase-functions {"declared":true,"installed":true,"version":"3.11.0","resolution":"/home/ronald/Desktop/CodingProjects/amazon-clone/functions/node_modules/firebase-functions/lib/index.js"} {"metadata":{"emulator":{"name":"functions"},"function":{"name":"api"},"message":"[runtime-status] [392322] Resolved module firebase-functions {\"declared\":true,\"installed\":true,\"version\":\"3.11.0\",\"resolution\":\"/home/ronald/Desktop/CodingProjects/amazon-clone/functions/node_modules/firebase-functions/lib/index.js\"}"}}
[debug] [2020-09-19T04:28:06.370Z] [runtime-status] [392322] firebase-admin has been stubbed. {"adminResolution":{"declared":true,"installed":true,"version":"8.13.0","resolution":"/home/ronald/Desktop/CodingProjects/amazon-clone/functions/node_modules/firebase-admin/lib/index.js"}} {"metadata":{"emulator":{"name":"functions"},"function":{"name":"api"},"message":"[runtime-status] [392322] firebase-admin has been stubbed. {\"adminResolution\":{\"declared\":true,\"installed\":true,\"version\":\"8.13.0\",\"resolution\":\"/home/ronald/Desktop/CodingProjects/amazon-clone/functions/node_modules/firebase-admin/lib/index.js\"}}"}}
[debug] [2020-09-19T04:28:06.450Z] [runtime-status] [392322] Trigger "api" has been found, beginning invocation! {"metadata":{"emulator":{"name":"functions"},"function":{"name":"api"},"message":"[runtime-status] [392322] Trigger \"api\" has been found, beginning invocation!"}}
[info] i  functions: Beginning execution of "api" {"metadata":{"emulator":{"name":"functions"},"function":{"name":"api"},"message":"Beginning execution of \"api\""}}
[debug] [2020-09-19T04:28:06.451Z] [runtime-status] [392322] triggerDefinition {"httpsTrigger":{},"name":"api","entryPoint":"api"} {"metadata":{"emulator":{"name":"functions"},"function":{"name":"api"},"message":"[runtime-status] [392322] triggerDefinition {\"httpsTrigger\":{},\"name\":\"api\",\"entryPoint\":\"api\"}"}}
[debug] [2020-09-19T04:28:06.451Z] [runtime-status] [392322] Running api in mode HTTPS {"metadata":{"emulator":{"name":"functions"},"function":{"name":"api"},"message":"[runtime-status] [392322] Running api in mode HTTPS"}}
[debug] [2020-09-19T04:28:06.456Z] [runtime-status] [392322] Attempting to listen to socketPath: /tmp/fire_emu_392322.sock {"metadata":{"emulator":{"name":"functions"},"function":{"name":"api"},"message":"[runtime-status] [392322] Attempting to listen to socketPath: /tmp/fire_emu_392322.sock"}}
[debug] [2020-09-19T04:28:06.457Z] [functions] Runtime ready! Sending request! {"metadata":{"emulator":{"name":"functions"},"message":"[functions] Runtime ready! Sending request!"}}
[debug] [2020-09-19T04:28:06.465Z] [runtime-status] [392322] Ephemeral server handling GET request {"metadata":{"emulator":{"name":"functions"},"function":{"name":"api"},"message":"[runtime-status] [392322] Ephemeral server handling GET request"}}
[debug] [2020-09-19T04:28:06.472Z] [runtime-status] [392322] Ephemeral server survived. {"metadata":{"emulator":{"name":"functions"},"function":{"name":"api"},"message":"[runtime-status] [392322] Ephemeral server survived."}}
[info] i  functions: Finished "api" in ~1s {"metadata":{"emulator":{"name":"functions"},"function":{"name":"api"},"message":"Finished \"api\" in ~1s"}}
[debug] [2020-09-19T04:28:06.480Z] [worker-api-7b269e9b-aa05-4f9d-ba02-a27397bc4325]: IDLE {"metadata":{"emulator":{"name":"functions"},"message":"[worker-api-7b269e9b-aa05-4f9d-ba02-a27397bc4325]: IDLE"}}
[debug] [2020-09-19T04:28:06.480Z] [work-queue] {"queueLength":0,"workRunningCount":0}
[debug] [2020-09-19T04:28:06.509Z] Functions emulator received unknown request at path /favicon.ico
[debug] [2020-09-19T04:28:24.444Z] [work-queue] {"queueLength":1,"workRunningCount":0}
[debug] [2020-09-19T04:28:24.444Z] [work-queue] {"queueLength":0,"workRunningCount":1}
[debug] [2020-09-19T04:28:24.444Z] Accepted request POST /clone-8aca9/us-central1/api/payments/create?total=22998 --> api
[debug] [2020-09-19T04:28:24.444Z] [worker-pool] submitWork(triggerId=api) {"metadata":{"emulator":{"name":"functions"},"message":"[worker-pool] submitWork(triggerId=api)"}}
[debug] [2020-09-19T04:28:24.444Z] [worker-api-7b269e9b-aa05-4f9d-ba02-a27397bc4325]: Assigning socketPath: /tmp/fire_emu_392322.sock {"metadata":{"emulator":{"name":"functions"},"message":"[worker-api-7b269e9b-aa05-4f9d-ba02-a27397bc4325]: Assigning socketPath: /tmp/fire_emu_392322.sock"}}
[debug] [2020-09-19T04:28:24.444Z] [worker-api-7b269e9b-aa05-4f9d-ba02-a27397bc4325]: BUSY {"metadata":{"emulator":{"name":"functions"},"message":"[worker-api-7b269e9b-aa05-4f9d-ba02-a27397bc4325]: BUSY"}}
[debug] [2020-09-19T04:28:24.447Z] [runtime-status] [392322] Trigger "api" has been found, beginning invocation! {"metadata":{"emulator":{"name":"functions"},"function":{"name":"api"},"message":"[runtime-status] [392322] Trigger \"api\" has been found, beginning invocation!"}}
[info] i  functions: Beginning execution of "api" {"metadata":{"emulator":{"name":"functions"},"function":{"name":"api"},"message":"Beginning execution of \"api\""}}
[debug] [2020-09-19T04:28:24.448Z] [runtime-status] [392322] triggerDefinition {"httpsTrigger":{},"name":"api","entryPoint":"api"} {"metadata":{"emulator":{"name":"functions"},"function":{"name":"api"},"message":"[runtime-status] [392322] triggerDefinition {\"httpsTrigger\":{},\"name\":\"api\",\"entryPoint\":\"api\"}"}}
[debug] [2020-09-19T04:28:24.448Z] [runtime-status] [392322] Running api in mode HTTPS {"metadata":{"emulator":{"name":"functions"},"function":{"name":"api"},"message":"[runtime-status] [392322] Running api in mode HTTPS"}}
[debug] [2020-09-19T04:28:24.449Z] [runtime-status] [392322] Attempting to listen to socketPath: /tmp/fire_emu_392322.sock {"metadata":{"emulator":{"name":"functions"},"function":{"name":"api"},"message":"[runtime-status] [392322] Attempting to listen to socketPath: /tmp/fire_emu_392322.sock"}}
[debug] [2020-09-19T04:28:24.450Z] [functions] Runtime ready! Sending request! {"metadata":{"emulator":{"name":"functions"},"message":"[functions] Runtime ready! Sending request!"}}
[debug] [2020-09-19T04:28:24.460Z] [runtime-status] [392322] Ephemeral server handling POST request {"metadata":{"emulator":{"name":"functions"},"function":{"name":"api"},"message":"[runtime-status] [392322] Ephemeral server handling POST request"}}
[info] >  Payment Request Recieved Yay!! for this amount >>> 22998 {"user":"Payment Request Recieved Yay!! for this amount >>> 22998","metadata":{"emulator":{"name":"functions"},"function":{"name":"api"},"message":"\u001b[90m> \u001b[39m Payment Request Recieved Yay!! for this amount >>> 22998"}}
[debug] [2020-09-19T04:28:24.466Z] [runtime-status] [392322] Ephemeral server survived. {"metadata":{"emulator":{"name":"functions"},"function":{"name":"api"},"message":"[runtime-status] [392322] Ephemeral server survived."}}
[info] i  functions: Finished "api" in ~1s {"metadata":{"emulator":{"name":"functions"},"function":{"name":"api"},"message":"Finished \"api\" in ~1s"}}
[debug] [2020-09-19T04:28:25.087Z] [worker-api-7b269e9b-aa05-4f9d-ba02-a27397bc4325]: IDLE {"metadata":{"emulator":{"name":"functions"},"message":"[worker-api-7b269e9b-aa05-4f9d-ba02-a27397bc4325]: IDLE"}}
[debug] [2020-09-19T04:28:25.087Z] [work-queue] {"queueLength":0,"workRunningCount":0}
